<?xml version="1.0" encoding="UTF-8"?>
<!-- Generated by org.testng.reporters.JUnitXMLReporter -->
<testsuite ignored="0" hostname="vijayhari" failures="2" tests="3" name="Test" time="48.544" errors="0" timestamp="2024-03-25T07:48:00 IST">
  <testcase classname="TestScripts.ProductOrderAndCheckOut" name="testProductisPresentInCart" time="7.394">
    <failure type="java.lang.AssertionError" message="null">
      <![CDATA[java.lang.AssertionError: null
at TestScripts.ProductOrderAndCheckOut.testProductisPresentInCart(ProductOrderAndCheckOut.java:29)
at java.base/java.util.ArrayList.forEach(ArrayList.java:1596)
... Removed 27 stack frames]]>
    </failure>
  </testcase> <!-- testProductisPresentInCart -->
  <testcase classname="TestScripts.ProductOrderAndCheckOut" name="testProductisPresentInCart" time="8.617">
    <failure type="java.lang.AssertionError" message="null">
      <![CDATA[java.lang.AssertionError: null
at TestScripts.ProductOrderAndCheckOut.testProductisPresentInCart(ProductOrderAndCheckOut.java:29)
at java.base/java.util.ArrayList.forEach(ArrayList.java:1596)
... Removed 27 stack frames]]>
    </failure>
  </testcase> <!-- testProductisPresentInCart -->
  <testcase classname="TestScripts.ProductSelect" name="selectProduct" time="7.085"/>
</testsuite> <!-- Test -->
