<?xml version="1.0" encoding="UTF-8"?>
<!-- Generated by org.testng.reporters.JUnitXMLReporter -->
<testsuite ignored="0" hostname="vijayhari" failures="0" tests="2" name="Default test" time="55.704" errors="0" timestamp="2024-03-24T12:13:18 IST">
  <testcase classname="TestScripts.ProductOrderAndCheckOut" name="testProductisPresentInCart" time="11.751"/>
  <testcase classname="TestScripts.ProductOrderAndCheckOut" name="testProductisPresentInCart" time="9.849"/>
</testsuite> <!-- Default test -->
